  main.cpp
c:\users\merillen\documents\github\agar.io-project\agar.io\agar.io\main.cpp(106): warning C4244: 'return': 'double'에서 'float'(으)로 변환하면서 데이터가 손실될 수 있습니다.
c:\users\merillen\documents\github\agar.io-project\agar.io\agar.io\main.cpp(158): warning C4244: '인수': 'float'에서 'int'(으)로 변환하면서 데이터가 손실될 수 있습니다.
c:\users\merillen\documents\github\agar.io-project\agar.io\agar.io\main.cpp(166): warning C4244: '=': 'float'에서 'int'(으)로 변환하면서 데이터가 손실될 수 있습니다.
c:\users\merillen\documents\github\agar.io-project\agar.io\agar.io\main.cpp(175): warning C4244: '인수': 'float'에서 'int'(으)로 변환하면서 데이터가 손실될 수 있습니다.
c:\users\merillen\documents\github\agar.io-project\agar.io\agar.io\main.cpp(201): warning C4244: '인수': 'float'에서 'int'(으)로 변환하면서 데이터가 손실될 수 있습니다.
c:\users\merillen\documents\github\agar.io-project\agar.io\agar.io\main.cpp(212): warning C4244: '인수': 'float'에서 'int'(으)로 변환하면서 데이터가 손실될 수 있습니다.
c:\users\merillen\documents\github\agar.io-project\agar.io\agar.io\main.cpp(234): warning C4244: '인수': 'float'에서 'int'(으)로 변환하면서 데이터가 손실될 수 있습니다.
c:\users\merillen\documents\github\agar.io-project\agar.io\agar.io\main.cpp(236): warning C4244: '=': 'double'에서 'float'(으)로 변환하면서 데이터가 손실될 수 있습니다.
c:\users\merillen\documents\github\agar.io-project\agar.io\agar.io\main.cpp(264): warning C4244: '=': 'LONG'에서 'float'(으)로 변환하면서 데이터가 손실될 수 있습니다.
c:\users\merillen\documents\github\agar.io-project\agar.io\agar.io\main.cpp(265): warning C4244: '=': 'LONG'에서 'float'(으)로 변환하면서 데이터가 손실될 수 있습니다.
c:\users\merillen\documents\github\agar.io-project\agar.io\agar.io\main.cpp(274): warning C4244: '인수': 'float'에서 'int'(으)로 변환하면서 데이터가 손실될 수 있습니다.
c:\users\merillen\documents\github\agar.io-project\agar.io\agar.io\main.cpp(276): warning C4244: '인수': 'float'에서 'int'(으)로 변환하면서 데이터가 손실될 수 있습니다.
c:\users\merillen\documents\github\agar.io-project\agar.io\agar.io\main.cpp(283): warning C4244: '인수': 'float'에서 'int'(으)로 변환하면서 데이터가 손실될 수 있습니다.
c:\users\merillen\documents\github\agar.io-project\agar.io\agar.io\main.cpp(297): warning C4244: '인수': 'float'에서 'int'(으)로 변환하면서 데이터가 손실될 수 있습니다.
c:\users\merillen\documents\github\agar.io-project\agar.io\agar.io\main.cpp(312): warning C4244: '인수': 'float'에서 'int'(으)로 변환하면서 데이터가 손실될 수 있습니다.
c:\users\merillen\documents\github\agar.io-project\agar.io\agar.io\main.cpp(338): warning C4244: '인수': 'float'에서 'int'(으)로 변환하면서 데이터가 손실될 수 있습니다.
c:\users\merillen\documents\github\agar.io-project\agar.io\agar.io\main.cpp(348): warning C4244: '인수': 'float'에서 'int'(으)로 변환하면서 데이터가 손실될 수 있습니다.
c:\users\merillen\documents\github\agar.io-project\agar.io\agar.io\main.cpp(367): warning C4244: '인수': 'float'에서 'int'(으)로 변환하면서 데이터가 손실될 수 있습니다.
c:\users\merillen\documents\github\agar.io-project\agar.io\agar.io\main.cpp(499): warning C4244: '+=': 'float'에서 'LONG'(으)로 변환하면서 데이터가 손실될 수 있습니다.
c:\users\merillen\documents\github\agar.io-project\agar.io\agar.io\main.cpp(500): warning C4244: '+=': 'float'에서 'LONG'(으)로 변환하면서 데이터가 손실될 수 있습니다.
c:\users\merillen\documents\github\agar.io-project\agar.io\agar.io\main.cpp(512): warning C4244: '+=': 'float'에서 'LONG'(으)로 변환하면서 데이터가 손실될 수 있습니다.
c:\users\merillen\documents\github\agar.io-project\agar.io\agar.io\main.cpp(513): warning C4244: '+=': 'float'에서 'LONG'(으)로 변환하면서 데이터가 손실될 수 있습니다.
c:\users\merillen\documents\github\agar.io-project\agar.io\agar.io\main.cpp(530): warning C4244: '인수': 'float'에서 'int'(으)로 변환하면서 데이터가 손실될 수 있습니다.
c:\users\merillen\documents\github\agar.io-project\agar.io\agar.io\main.cpp(540): warning C4244: '인수': 'float'에서 'int'(으)로 변환하면서 데이터가 손실될 수 있습니다.
c:\users\merillen\documents\github\agar.io-project\agar.io\agar.io\main.cpp(545): warning C4805: '==': 연산에 'BOOL' 형식과 'bool' 형식을 함께 사용하는 것은 안전하지 않습니다.
c:\users\merillen\documents\github\agar.io-project\agar.io\agar.io\main.cpp(592): warning C4244: '=': 'double'에서 'float'(으)로 변환하면서 데이터가 손실될 수 있습니다.
c:\users\merillen\documents\github\agar.io-project\agar.io\agar.io\main.cpp(598): warning C4244: '인수': 'float'에서 'int'(으)로 변환하면서 데이터가 손실될 수 있습니다.
c:\users\merillen\documents\github\agar.io-project\agar.io\agar.io\main.cpp(612): warning C4244: '+=': 'float'에서 'LONG'(으)로 변환하면서 데이터가 손실될 수 있습니다.
c:\users\merillen\documents\github\agar.io-project\agar.io\agar.io\main.cpp(613): warning C4244: '+=': 'float'에서 'LONG'(으)로 변환하면서 데이터가 손실될 수 있습니다.
c:\users\merillen\documents\github\agar.io-project\agar.io\agar.io\main.cpp(618): warning C4244: '인수': 'float'에서 'int'(으)로 변환하면서 데이터가 손실될 수 있습니다.
c:\users\merillen\documents\github\agar.io-project\agar.io\agar.io\main.cpp(625): warning C4244: '+=': 'float'에서 'LONG'(으)로 변환하면서 데이터가 손실될 수 있습니다.
c:\users\merillen\documents\github\agar.io-project\agar.io\agar.io\main.cpp(626): warning C4244: '+=': 'float'에서 'LONG'(으)로 변환하면서 데이터가 손실될 수 있습니다.
c:\users\merillen\documents\github\agar.io-project\agar.io\agar.io\main.cpp(631): warning C4244: '인수': 'float'에서 'int'(으)로 변환하면서 데이터가 손실될 수 있습니다.
c:\users\merillen\documents\github\agar.io-project\agar.io\agar.io\main.cpp(643): warning C4244: '인수': 'float'에서 'int'(으)로 변환하면서 데이터가 손실될 수 있습니다.
c:\users\merillen\documents\github\agar.io-project\agar.io\agar.io\main.cpp(653): warning C4244: '인수': 'float'에서 'int'(으)로 변환하면서 데이터가 손실될 수 있습니다.
c:\users\merillen\documents\github\agar.io-project\agar.io\agar.io\main.cpp(658): warning C4805: '==': 연산에 'BOOL' 형식과 'bool' 형식을 함께 사용하는 것은 안전하지 않습니다.
c:\users\merillen\documents\github\agar.io-project\agar.io\agar.io\main.cpp(663): warning C4244: '인수': 'float'에서 'int'(으)로 변환하면서 데이터가 손실될 수 있습니다.
c:\users\merillen\documents\github\agar.io-project\agar.io\agar.io\main.cpp(675): warning C4805: '==': 연산에 'BOOL' 형식과 'bool' 형식을 함께 사용하는 것은 안전하지 않습니다.
c:\users\merillen\documents\github\agar.io-project\agar.io\agar.io\main.cpp(699): warning C4805: '==': 연산에 'BOOL' 형식과 'bool' 형식을 함께 사용하는 것은 안전하지 않습니다.
c:\users\merillen\documents\github\agar.io-project\agar.io\agar.io\main.cpp(714): warning C4244: '=': 'float'에서 'LONG'(으)로 변환하면서 데이터가 손실될 수 있습니다.
c:\users\merillen\documents\github\agar.io-project\agar.io\agar.io\main.cpp(715): warning C4244: '=': 'float'에서 'LONG'(으)로 변환하면서 데이터가 손실될 수 있습니다.
c:\users\merillen\documents\github\agar.io-project\agar.io\agar.io\main.cpp(740): warning C4244: '=': 'float'에서 'LONG'(으)로 변환하면서 데이터가 손실될 수 있습니다.
c:\users\merillen\documents\github\agar.io-project\agar.io\agar.io\main.cpp(741): warning C4244: '=': 'float'에서 'LONG'(으)로 변환하면서 데이터가 손실될 수 있습니다.
c:\users\merillen\documents\github\agar.io-project\agar.io\agar.io\main.cpp(785): warning C4552: '+': 의미 없는 연산자입니다. 파생 작업이 있는 연산자여야 합니다.
c:\users\merillen\documents\github\agar.io-project\agar.io\agar.io\main.cpp(786): warning C4552: '-': 의미 없는 연산자입니다. 파생 작업이 있는 연산자여야 합니다.
c:\users\merillen\documents\github\agar.io-project\agar.io\agar.io\main.cpp(787): warning C4552: '+': 의미 없는 연산자입니다. 파생 작업이 있는 연산자여야 합니다.
c:\users\merillen\documents\github\agar.io-project\agar.io\agar.io\main.cpp(788): warning C4552: '-': 의미 없는 연산자입니다. 파생 작업이 있는 연산자여야 합니다.
c:\users\merillen\documents\github\agar.io-project\agar.io\agar.io\main.cpp(796): warning C4552: '-': 의미 없는 연산자입니다. 파생 작업이 있는 연산자여야 합니다.
c:\users\merillen\documents\github\agar.io-project\agar.io\agar.io\main.cpp(797): warning C4552: '+': 의미 없는 연산자입니다. 파생 작업이 있는 연산자여야 합니다.
c:\users\merillen\documents\github\agar.io-project\agar.io\agar.io\main.cpp(798): warning C4552: '-': 의미 없는 연산자입니다. 파생 작업이 있는 연산자여야 합니다.
c:\users\merillen\documents\github\agar.io-project\agar.io\agar.io\main.cpp(799): warning C4552: '+': 의미 없는 연산자입니다. 파생 작업이 있는 연산자여야 합니다.
c:\users\merillen\documents\github\agar.io-project\agar.io\agar.io\main.cpp(414): warning C4101: 'hPen' :참조되지 않은 지역 변수입니다.
c:\users\merillen\documents\github\agar.io-project\agar.io\agar.io\main.cpp(414): warning C4101: 'oldPen' :참조되지 않은 지역 변수입니다.
  agar.io.vcxproj -> C:\Users\Merillen\Documents\GitHub\Agar.io-Project\agar.io\Debug\agar.io.exe
  agar.io.vcxproj -> C:\Users\Merillen\Documents\GitHub\Agar.io-Project\agar.io\Debug\agar.io.pdb (Partial PDB)
